issueanalyzerByGraph.exe: 00003064: 00:02:19 []:>--------------------------------------------------------------<
issueanalyzerByGraph.exe: 00003064: 00:02:19 [TUniServerModule]:Server First Init.
issueanalyzerByGraph.exe: 00003064: 00:02:19 [TUniServerModule]:Start Path = C:\Users\Masato2023\Documents\GitHub\2024DelphiProj\Win32\Debug\
issueanalyzerByGraph.exe: 00003064: 00:02:19 [TUniServerModule]:Debug Mode = ON
issueanalyzerByGraph.exe: 00003064: 00:02:19 [TUniGUISessionManager]:Cache erase job created, Folder count: [2]
issueanalyzerByGraph.exe: 00003064: 00:02:19 [TUniServerModule]:Starting HTTP Server on Port: 8889...
issueanalyzerByGraph.exe: 00003064: 00:02:20 [TUniServerModule]:HTTP Server Started on Port: 8889
issueanalyzerByGraph.exe: 00006640: 00:02:22 [127.0.0.1]:EUniSessionException : Invalid session or session Timeout. (Session not found: 7NnTPZVolP10E393D6B ) : Addr: $00774F7F
issueanalyzerByGraph.exe: 0000330C: 00:03:14 []:>--------------------------------------------------------------<
issueanalyzerByGraph.exe: 0000330C: 00:03:14 [TUniServerModule]:Server First Init.
issueanalyzerByGraph.exe: 0000330C: 00:03:14 [TUniServerModule]:Start Path = C:\Users\Masato2023\Documents\GitHub\2024DelphiProj\Win32\Debug\
issueanalyzerByGraph.exe: 0000330C: 00:03:14 [TUniServerModule]:Debug Mode = ON
issueanalyzerByGraph.exe: 0000330C: 00:03:14 [TUniGUISessionManager]:Cache erase job created, Folder count: [1]
issueanalyzerByGraph.exe: 0000330C: 00:03:14 [TUniServerModule]:Starting HTTP Server on Port: 8889...
issueanalyzerByGraph.exe: 0000330C: 00:03:16 [TUniServerModule]:HTTP Server Started on Port: 8889
issueanalyzerByGraph.exe: 00005808: 00:03:22 [127.0.0.1]:EUniSessionException : Invalid session or session Timeout. (Session not found: kipfvgDrOU10E393FA9 ) : Addr: $00EE4F7F
issueanalyzerByGraph.exe: 00005C2C: 00:03:44 []:>--------------------------------------------------------------<
issueanalyzerByGraph.exe: 00005C2C: 00:03:44 [TUniServerModule]:Server First Init.
issueanalyzerByGraph.exe: 00005C2C: 00:03:44 [TUniServerModule]:Start Path = C:\Users\Masato2023\Documents\GitHub\2024DelphiProj\Win32\Debug\
issueanalyzerByGraph.exe: 00005C2C: 00:03:44 [TUniServerModule]:Debug Mode = ON
issueanalyzerByGraph.exe: 00005C2C: 00:03:44 [TUniGUISessionManager]:Cache erase job created, Folder count: [2]
issueanalyzerByGraph.exe: 00005C2C: 00:03:44 [TUniServerModule]:Starting HTTP Server on Port: 8889...
issueanalyzerByGraph.exe: 00005C2C: 00:03:44 [TUniServerModule]:HTTP Server Started on Port: 8889
issueanalyzerByGraph.exe: 000040C0: 00:08:47 []:>--------------------------------------------------------------<
issueanalyzerByGraph.exe: 000040C0: 00:08:47 [TUniServerModule]:Server First Init.
issueanalyzerByGraph.exe: 000040C0: 00:08:47 [TUniServerModule]:Start Path = C:\Users\Masato2023\Documents\GitHub\2024DelphiProj\Win32\Debug\
issueanalyzerByGraph.exe: 000040C0: 00:08:47 [TUniServerModule]:Debug Mode = ON
issueanalyzerByGraph.exe: 000040C0: 00:08:47 [TUniGUISessionManager]:Cache erase job created, Folder count: [1]
issueanalyzerByGraph.exe: 000040C0: 00:08:47 [TUniServerModule]:Starting HTTP Server on Port: 8889...
issueanalyzerByGraph.exe: 000040C0: 00:08:48 [TUniServerModule]:HTTP Server Started on Port: 8889
issueanalyzerByGraph.exe: 00004744: 00:08:55 [127.0.0.1]:EUniSessionException : Invalid session or session Timeout. (Session not found: 2KJP4aftIg10E394004 ) : Addr: $009D4F7F
issueanalyzerByGraph.exe: 00000F00: 00:13:43 []:>--------------------------------------------------------------<
issueanalyzerByGraph.exe: 00000F00: 00:13:43 [TUniServerModule]:Server First Init.
issueanalyzerByGraph.exe: 00000F00: 00:13:43 [TUniServerModule]:Start Path = C:\Users\Masato2023\Documents\GitHub\2024DelphiProj\Win32\Debug\
issueanalyzerByGraph.exe: 00000F00: 00:13:43 [TUniServerModule]:Debug Mode = ON
issueanalyzerByGraph.exe: 00000F00: 00:13:43 [TUniGUISessionManager]:Cache erase job created, Folder count: [2]
issueanalyzerByGraph.exe: 00000F00: 00:13:43 [TUniServerModule]:Starting HTTP Server on Port: 8889...
issueanalyzerByGraph.exe: 00000F00: 00:13:44 [TUniServerModule]:HTTP Server Started on Port: 8889
issueanalyzerByGraph.exe: 00005CB8: 00:13:52 [127.0.0.1]:EUniSessionException : Invalid session or session Timeout. (Session not found: CdwkfJb57C10E39416E ) : Addr: $00E84F7F
issueanalyzerByGraph.exe: 00005AAC: 00:14:14 []:>--------------------------------------------------------------<
issueanalyzerByGraph.exe: 00005AAC: 00:14:14 [TUniServerModule]:Server First Init.
issueanalyzerByGraph.exe: 00005AAC: 00:14:14 [TUniServerModule]:Start Path = C:\Users\Masato2023\Documents\GitHub\2024DelphiProj\Win32\Debug\
issueanalyzerByGraph.exe: 00005AAC: 00:14:14 [TUniServerModule]:Debug Mode = ON
issueanalyzerByGraph.exe: 00005AAC: 00:14:14 [TUniGUISessionManager]:Cache erase job created, Folder count: [2]
issueanalyzerByGraph.exe: 00005AAC: 00:14:14 [TUniServerModule]:Starting HTTP Server on Port: 8889...
issueanalyzerByGraph.exe: 00005AAC: 00:14:14 [TUniServerModule]:HTTP Server Started on Port: 8889
issueanalyzerByGraph.exe: 00002874: 00:29:44 []:>--------------------------------------------------------------<
issueanalyzerByGraph.exe: 00002874: 00:29:44 [TUniServerModule]:Server First Init.
issueanalyzerByGraph.exe: 00002874: 00:29:44 [TUniServerModule]:Start Path = C:\Users\Masato2023\Documents\GitHub\2024DelphiProj\Win32\Debug\
issueanalyzerByGraph.exe: 00002874: 00:29:44 [TUniServerModule]:Debug Mode = ON
issueanalyzerByGraph.exe: 00002874: 00:29:44 [TUniGUISessionManager]:Cache erase job created, Folder count: [1]
issueanalyzerByGraph.exe: 00002874: 00:29:44 [TUniServerModule]:Starting HTTP Server on Port: 8889...
issueanalyzerByGraph.exe: 00002874: 00:29:45 [TUniServerModule]:HTTP Server Started on Port: 8889
issueanalyzerByGraph.exe: 000012DC: 00:29:47 [127.0.0.1]:EUniSessionException : Invalid session or session Timeout. (Session not found: uA78VsOWrf10E3942DE ) : Addr: $01194F7F
issueanalyzerByGraph.exe: 00003B24: 00:35:33 []:>--------------------------------------------------------------<
issueanalyzerByGraph.exe: 00003B24: 00:35:33 [TUniServerModule]:Server First Init.
issueanalyzerByGraph.exe: 00003B24: 00:35:33 [TUniServerModule]:Start Path = C:\Users\Masato2023\Documents\GitHub\2024DelphiProj\Win32\Debug\
issueanalyzerByGraph.exe: 00003B24: 00:35:33 [TUniServerModule]:Debug Mode = ON
issueanalyzerByGraph.exe: 00003B24: 00:35:33 [TUniGUISessionManager]:Cache erase job created, Folder count: [1]
issueanalyzerByGraph.exe: 00003B24: 00:35:33 [TUniServerModule]:Starting HTTP Server on Port: 8889...
issueanalyzerByGraph.exe: 00003B24: 00:35:34 [TUniServerModule]:HTTP Server Started on Port: 8889
issueanalyzerByGraph.exe: 00006A6C: 00:35:51 [127.0.0.1]:EUniSessionException : Invalid session or session Timeout. (Session not found: raYrnYGLKb10E394718 ) : Addr: $00984F7F
issueanalyzerByGraph.exe: 00005E14: 00:40:30 []:>--------------------------------------------------------------<
issueanalyzerByGraph.exe: 00005E14: 00:40:30 [TUniServerModule]:Server First Init.
issueanalyzerByGraph.exe: 00005E14: 00:40:30 [TUniServerModule]:Start Path = C:\Users\Masato2023\Documents\GitHub\2024DelphiProj\Win32\Debug\
issueanalyzerByGraph.exe: 00005E14: 00:40:30 [TUniServerModule]:Debug Mode = ON
issueanalyzerByGraph.exe: 00005E14: 00:40:30 [TUniGUISessionManager]:Cache erase job created, Folder count: [2]
issueanalyzerByGraph.exe: 00005E14: 00:40:30 [TUniServerModule]:Starting HTTP Server on Port: 8889...
issueanalyzerByGraph.exe: 00005E14: 00:40:32 [TUniServerModule]:HTTP Server Started on Port: 8889
issueanalyzerByGraph.exe: 00006058: 00:40:37 [127.0.0.1]:EUniSessionException : Invalid session or session Timeout. (Session not found: WYKvotHZtR10E3948BF ) : Addr: $01664F7F
issueanalyzerByGraph.exe: 00003028: 00:50:25 []:>--------------------------------------------------------------<
issueanalyzerByGraph.exe: 00003028: 00:50:25 [TUniServerModule]:Server First Init.
issueanalyzerByGraph.exe: 00003028: 00:50:25 [TUniServerModule]:Start Path = C:\Users\Masato2023\Documents\GitHub\2024DelphiProj\Win32\Debug\
issueanalyzerByGraph.exe: 00003028: 00:50:25 [TUniServerModule]:Debug Mode = ON
issueanalyzerByGraph.exe: 00003028: 00:50:25 [TUniGUISessionManager]:Cache erase job created, Folder count: [1]
issueanalyzerByGraph.exe: 00003028: 00:50:25 [TUniServerModule]:Starting HTTP Server on Port: 8889...
issueanalyzerByGraph.exe: 00003028: 00:50:26 [TUniServerModule]:HTTP Server Started on Port: 8889
issueanalyzerByGraph.exe: 00002DE8: 00:50:30 [127.0.0.1]:EUniSessionException : Invalid session or session Timeout. (Session not found: w2gcCDRfO910E394A05 ) : Addr: $010C4F7F
issueanalyzerByGraph.exe: 00002E00: 00:51:40 []:>--------------------------------------------------------------<
issueanalyzerByGraph.exe: 00002E00: 00:51:40 [TUniServerModule]:Server First Init.
issueanalyzerByGraph.exe: 00002E00: 00:51:40 [TUniServerModule]:Start Path = C:\Users\Masato2023\Documents\GitHub\2024DelphiProj\Win32\Debug\
issueanalyzerByGraph.exe: 00002E00: 00:51:40 [TUniServerModule]:Debug Mode = ON
issueanalyzerByGraph.exe: 00002E00: 00:51:40 [TUniGUISessionManager]:Cache erase job created, Folder count: [2]
issueanalyzerByGraph.exe: 00002E00: 00:51:40 [TUniServerModule]:Starting HTTP Server on Port: 8889...
issueanalyzerByGraph.exe: 00002E00: 00:51:41 [TUniServerModule]:HTTP Server Started on Port: 8889
issueanalyzerByGraph.exe: 00006B0C: 00:51:49 [127.0.0.1]:EUniSessionException : Invalid session or session Timeout. (Session not found: nwRvMHaDOC10E394CB6 ) : Addr: $01464F7F
issueanalyzerByGraph.exe: 000040C4: 01:03:20 []:>--------------------------------------------------------------<
issueanalyzerByGraph.exe: 000040C4: 01:03:20 [TUniServerModule]:Server First Init.
issueanalyzerByGraph.exe: 000040C4: 01:03:20 [TUniServerModule]:Start Path = C:\Users\Masato2023\Documents\GitHub\2024DelphiProj\Win32\Debug\
issueanalyzerByGraph.exe: 000040C4: 01:03:20 [TUniServerModule]:Debug Mode = ON
issueanalyzerByGraph.exe: 000040C4: 01:03:20 [TUniGUISessionManager]:Cache erase job created, Folder count: [2]
issueanalyzerByGraph.exe: 000040C4: 01:03:21 [TUniServerModule]:Starting HTTP Server on Port: 8889...
issueanalyzerByGraph.exe: 000040C4: 01:03:23 [TUniServerModule]:HTTP Server Started on Port: 8889
issueanalyzerByGraph.exe: 00006728: 01:03:25 [127.0.0.1]:EUniSessionException : Invalid session or session Timeout. (Session not found: ekykrRVFT310E394D11 ) : Addr: $014F4F7F
issueanalyzerByGraph.exe: 000064E8: 01:03:25 [127.0.0.1]:EUniSessionException : Invalid session or session Timeout. (Session not found: ekykrRVFT310E394D11 ) : Addr: $014F4F7F
issueanalyzerByGraph.exe: 00002A90: 01:07:41 []:>--------------------------------------------------------------<
issueanalyzerByGraph.exe: 00002A90: 01:07:41 [TUniServerModule]:Server First Init.
issueanalyzerByGraph.exe: 00002A90: 01:07:41 [TUniServerModule]:Start Path = C:\Users\Masato2023\Documents\GitHub\2024DelphiProj\Win32\Debug\
issueanalyzerByGraph.exe: 00002A90: 01:07:41 [TUniServerModule]:Debug Mode = ON
issueanalyzerByGraph.exe: 00002A90: 01:07:41 [TUniGUISessionManager]:Cache erase job created, Folder count: [1]
issueanalyzerByGraph.exe: 00002A90: 01:07:41 [TUniServerModule]:Starting HTTP Server on Port: 8889...
issueanalyzerByGraph.exe: 00002A90: 01:07:41 [TUniServerModule]:HTTP Server Started on Port: 8889
issueanalyzerByGraph.exe: 000038D8: 01:08:44 []:>--------------------------------------------------------------<
issueanalyzerByGraph.exe: 000038D8: 01:08:44 [TUniServerModule]:Server First Init.
issueanalyzerByGraph.exe: 000038D8: 01:08:44 [TUniServerModule]:Start Path = C:\Users\Masato2023\Documents\GitHub\2024DelphiProj\Win32\Debug\
issueanalyzerByGraph.exe: 000038D8: 01:08:44 [TUniServerModule]:Debug Mode = ON
issueanalyzerByGraph.exe: 000038D8: 01:08:44 [TUniGUISessionManager]:Cache erase job created, Folder count: [1]
issueanalyzerByGraph.exe: 000038D8: 01:08:44 [TUniServerModule]:Starting HTTP Server on Port: 8889...
issueanalyzerByGraph.exe: 000038D8: 01:08:44 [TUniServerModule]:HTTP Server Started on Port: 8889
issueanalyzerByGraph.exe: 00003264: 01:09:23 []:>--------------------------------------------------------------<
issueanalyzerByGraph.exe: 00003264: 01:09:23 [TUniServerModule]:Server First Init.
issueanalyzerByGraph.exe: 00003264: 01:09:23 [TUniServerModule]:Start Path = C:\Users\Masato2023\Documents\GitHub\2024DelphiProj\Win32\Debug\
issueanalyzerByGraph.exe: 00003264: 01:09:23 [TUniServerModule]:Debug Mode = ON
issueanalyzerByGraph.exe: 00003264: 01:09:23 [TUniGUISessionManager]:Cache erase job created, Folder count: [1]
issueanalyzerByGraph.exe: 00003264: 01:09:23 [TUniServerModule]:Starting HTTP Server on Port: 8889...
issueanalyzerByGraph.exe: 00003264: 01:09:25 [TUniServerModule]:HTTP Server Started on Port: 8889
issueanalyzerByGraph.exe: 000038BC: 01:13:17 []:>--------------------------------------------------------------<
issueanalyzerByGraph.exe: 000038BC: 01:13:17 [TUniServerModule]:Server First Init.
issueanalyzerByGraph.exe: 000038BC: 01:13:17 [TUniServerModule]:Start Path = C:\Users\Masato2023\Documents\GitHub\2024DelphiProj\Win32\Debug\
issueanalyzerByGraph.exe: 000038BC: 01:13:17 [TUniServerModule]:Debug Mode = ON
issueanalyzerByGraph.exe: 000038BC: 01:13:17 [TUniGUISessionManager]:Cache erase job created, Folder count: [1]
issueanalyzerByGraph.exe: 000038BC: 01:13:18 [TUniServerModule]:Starting HTTP Server on Port: 8889...
issueanalyzerByGraph.exe: 000038BC: 01:13:19 [TUniServerModule]:HTTP Server Started on Port: 8889
issueanalyzerByGraph.exe: 0000048C: 01:14:28 []:>--------------------------------------------------------------<
issueanalyzerByGraph.exe: 0000048C: 01:14:28 [TUniServerModule]:Server First Init.
issueanalyzerByGraph.exe: 0000048C: 01:14:28 [TUniServerModule]:Start Path = C:\Users\Masato2023\Documents\GitHub\2024DelphiProj\Win32\Debug\
issueanalyzerByGraph.exe: 0000048C: 01:14:29 [TUniServerModule]:Debug Mode = ON
issueanalyzerByGraph.exe: 0000048C: 01:14:29 [TUniGUISessionManager]:Cache erase job created, Folder count: [1]
issueanalyzerByGraph.exe: 0000048C: 01:14:29 [TUniServerModule]:Starting HTTP Server on Port: 8889...
issueanalyzerByGraph.exe: 0000048C: 01:14:29 [TUniServerModule]:HTTP Server Started on Port: 8889
issueanalyzerByGraph.exe: 0000536C: 01:14:42 [127.0.0.1]:EUniSessionException : Invalid session or session Timeout. (Session not found: K2QQFWDEAb10E3952E9 ) : Addr: $01144F7F
issueanalyzerByGraph.exe: 000014CC: 01:15:02 [FDQuery1: フィールド 'cc' が見つかりません-127.0.0.1]:EDatabaseError : FDQuery1: フィールド 'cc' が見つかりません : Addr: $00F75A3E
issueanalyzerByGraph.exe: 00005CA4: 01:15:28 []:>--------------------------------------------------------------<
issueanalyzerByGraph.exe: 00005CA4: 01:15:28 [TUniServerModule]:Server First Init.
issueanalyzerByGraph.exe: 00005CA4: 01:15:28 [TUniServerModule]:Start Path = C:\Users\Masato2023\Documents\GitHub\2024DelphiProj\Win32\Debug\
issueanalyzerByGraph.exe: 00005CA4: 01:15:28 [TUniServerModule]:Debug Mode = ON
issueanalyzerByGraph.exe: 00005CA4: 01:15:28 [TUniGUISessionManager]:Cache erase job created, Folder count: [2]
issueanalyzerByGraph.exe: 00005CA4: 01:15:28 [TUniServerModule]:Starting HTTP Server on Port: 8889...
issueanalyzerByGraph.exe: 00005CA4: 01:15:28 [TUniServerModule]:HTTP Server Started on Port: 8889
issueanalyzerByGraph.exe: 00004B4C: 01:15:32 [127.0.0.1]:EUniSessionException : Invalid session or session Timeout. (Session not found: c5XFF2eKxS10E395363 ) : Addr: $01144F7F
issueanalyzerByGraph.exe: 00006A0C: 01:16:58 [127.0.0.1]:EDatabaseError : FDQuery1: フィールド 'cc' が見つかりません : Addr: $00F75A3E
issueanalyzerByGraph.exe: 00001834: 01:17:14 [127.0.0.1]:EDatabaseError : FDQuery1: フィールド 'cc' が見つかりません : Addr: $00F75A3E
issueanalyzerByGraph.exe: 000065F4: 01:17:37 [127.0.0.1]:EDatabaseError : FDQuery1: フィールド 'cc' が見つかりません : Addr: $00F75A3E
issueanalyzerByGraph.exe: 0000612C: 01:45:13 []:>--------------------------------------------------------------<
issueanalyzerByGraph.exe: 0000612C: 01:45:13 [TUniServerModule]:Server First Init.
issueanalyzerByGraph.exe: 0000612C: 01:45:13 [TUniServerModule]:Start Path = C:\Users\Masato2023\Documents\GitHub\2024DelphiProj\Win32\Debug\
issueanalyzerByGraph.exe: 0000612C: 01:45:13 [TUniServerModule]:Debug Mode = ON
issueanalyzerByGraph.exe: 0000612C: 01:45:14 [TUniServerModule]:Starting HTTP Server on Port: 8889...
issueanalyzerByGraph.exe: 0000612C: 01:45:15 [TUniServerModule]:HTTP Server Started on Port: 8889
issueanalyzerByGraph.exe: 000021FC: 01:45:16 [127.0.0.1]:EUniSessionException : Invalid session or session Timeout. (Session not found: PYAp5NDd7N10E395383 ) : Addr: $00684F7F
issueanalyzerByGraph.exe: 00004228: 01:50:10 []:>--------------------------------------------------------------<
issueanalyzerByGraph.exe: 00004228: 01:50:10 [TUniServerModule]:Server First Init.
issueanalyzerByGraph.exe: 00004228: 01:50:10 [TUniServerModule]:Start Path = C:\Users\Masato2023\Documents\GitHub\2024DelphiProj\Win32\Debug\
issueanalyzerByGraph.exe: 00004228: 01:50:10 [TUniServerModule]:Debug Mode = ON
issueanalyzerByGraph.exe: 00004228: 01:50:10 [TUniGUISessionManager]:Cache erase job created, Folder count: [1]
issueanalyzerByGraph.exe: 00004228: 01:50:10 [TUniServerModule]:Starting HTTP Server on Port: 8889...
issueanalyzerByGraph.exe: 00004228: 01:50:11 [TUniServerModule]:HTTP Server Started on Port: 8889
issueanalyzerByGraph.exe: 00003288: 01:50:15 [127.0.0.1]:EUniSessionException : Invalid session or session Timeout. (Session not found: qcHC1mbmdg10E395B91 ) : Addr: $00FD4F7F
issueanalyzerByGraph.exe: 00006974: 01:51:01 []:>--------------------------------------------------------------<
issueanalyzerByGraph.exe: 00006974: 01:51:01 [TUniServerModule]:Server First Init.
issueanalyzerByGraph.exe: 00006974: 01:51:01 [TUniServerModule]:Start Path = C:\Users\Masato2023\Documents\GitHub\2024DelphiProj\Win32\Debug\
issueanalyzerByGraph.exe: 00006974: 01:51:01 [TUniServerModule]:Debug Mode = ON
issueanalyzerByGraph.exe: 00006974: 01:51:01 [TUniGUISessionManager]:Cache erase job created, Folder count: [1]
issueanalyzerByGraph.exe: 00006974: 01:51:01 [TUniServerModule]:Starting HTTP Server on Port: 8889...
issueanalyzerByGraph.exe: 00006974: 01:51:03 [TUniServerModule]:HTTP Server Started on Port: 8889
issueanalyzerByGraph.exe: 00003394: 01:51:08 [127.0.0.1]:EUniSessionException : Invalid session or session Timeout. (Session not found: uVR7lzewQS10E395CE9 ) : Addr: $012B4F7F
issueanalyzerByGraph.exe: 00003DD0: 01:51:31 [127.0.0.1]:EDatabaseError : FDQuery1: フィールド 'cc' が見つかりません : Addr: $010E5A3E
issueanalyzerByGraph.exe: 00005F60: 01:54:51 []:>--------------------------------------------------------------<
issueanalyzerByGraph.exe: 00005F60: 01:54:51 [TUniServerModule]:Server First Init.
issueanalyzerByGraph.exe: 00005F60: 01:54:51 [TUniServerModule]:Start Path = C:\Users\Masato2023\Documents\GitHub\2024DelphiProj\Win32\Debug\
issueanalyzerByGraph.exe: 00005F60: 01:54:51 [TUniServerModule]:Debug Mode = ON
issueanalyzerByGraph.exe: 00005F60: 01:54:51 [TUniGUISessionManager]:Cache erase job created, Folder count: [1]
issueanalyzerByGraph.exe: 00005F60: 01:54:51 [TUniServerModule]:Starting HTTP Server on Port: 8889...
issueanalyzerByGraph.exe: 00005F60: 01:54:52 [TUniServerModule]:HTTP Server Started on Port: 8889
issueanalyzerByGraph.exe: 0000607C: 01:55:00 [127.0.0.1]:EUniSessionException : Invalid session or session Timeout. (Session not found: egSePPk2LY10E395D26 ) : Addr: $00D64F7F
issueanalyzerByGraph.exe: 0000418C: 01:55:15 [127.0.0.1]:EDatabaseError : FDQuery1: フィールド 'cc' が見つかりません : Addr: $00B95A3E
issueanalyzerByGraph.exe: 00006A04: 02:00:46 []:>--------------------------------------------------------------<
issueanalyzerByGraph.exe: 00006A04: 02:00:46 [TUniServerModule]:Server First Init.
issueanalyzerByGraph.exe: 00006A04: 02:00:46 [TUniServerModule]:Start Path = C:\Users\Masato2023\Documents\GitHub\2024DelphiProj\Win32\Debug\
issueanalyzerByGraph.exe: 00006A04: 02:00:46 [TUniServerModule]:Debug Mode = ON
issueanalyzerByGraph.exe: 00006A04: 02:00:46 [TUniGUISessionManager]:Cache erase job created, Folder count: [1]
issueanalyzerByGraph.exe: 00006A04: 02:00:46 [TUniServerModule]:Starting HTTP Server on Port: 8889...
issueanalyzerByGraph.exe: 00006A04: 02:00:47 [TUniServerModule]:HTTP Server Started on Port: 8889
issueanalyzerByGraph.exe: 00005318: 02:00:50 [127.0.0.1]:EUniSessionException : Invalid session or session Timeout. (Session not found: RSCrEjTNc610E395E33 ) : Addr: $00C04F7F
issueanalyzerByGraph.exe: 00006A6C: 02:01:52 [127.0.0.1]:EDatabaseError : FDQuery1: フィールド 'cc' が見つかりません : Addr: $00A35A3E
issueanalyzerByGraph.exe: 00003EE4: 02:02:43 []:>--------------------------------------------------------------<
issueanalyzerByGraph.exe: 00003EE4: 02:02:43 [TUniServerModule]:Server First Init.
issueanalyzerByGraph.exe: 00003EE4: 02:02:43 [TUniServerModule]:Start Path = C:\Users\Masato2023\Documents\GitHub\2024DelphiProj\Win32\Debug\
issueanalyzerByGraph.exe: 00003EE4: 02:02:43 [TUniServerModule]:Debug Mode = ON
issueanalyzerByGraph.exe: 00003EE4: 02:02:43 [TUniGUISessionManager]:Cache erase job created, Folder count: [1]
issueanalyzerByGraph.exe: 00003EE4: 02:02:44 [TUniServerModule]:Starting HTTP Server on Port: 8889...
issueanalyzerByGraph.exe: 00003EE4: 02:02:45 [TUniServerModule]:HTTP Server Started on Port: 8889
issueanalyzerByGraph.exe: 00004DC4: 02:02:49 [127.0.0.1]:EUniSessionException : Invalid session or session Timeout. (Session not found: 5HMNi5n7VR10E395FCC ) : Addr: $009F4F7F
issueanalyzerByGraph.exe: 00002090: 02:04:46 []:>--------------------------------------------------------------<
issueanalyzerByGraph.exe: 00002090: 02:04:46 [TUniServerModule]:Server First Init.
issueanalyzerByGraph.exe: 00002090: 02:04:46 [TUniServerModule]:Start Path = C:\Users\Masato2023\Documents\GitHub\2024DelphiProj\Win32\Debug\
issueanalyzerByGraph.exe: 00002090: 02:04:46 [TUniServerModule]:Debug Mode = ON
issueanalyzerByGraph.exe: 00002090: 02:04:46 [TUniGUISessionManager]:Cache erase job created, Folder count: [1]
issueanalyzerByGraph.exe: 00002090: 02:04:46 [TUniServerModule]:Starting HTTP Server on Port: 8889...
issueanalyzerByGraph.exe: 00002090: 02:04:47 [TUniServerModule]:HTTP Server Started on Port: 8889
issueanalyzerByGraph.exe: 000043D0: 02:04:48 [127.0.0.1]:EUniSessionException : Invalid session or session Timeout. (Session not found: R9KuuuH7Dy10E396051 ) : Addr: $006D4F7F
issueanalyzerByGraph.exe: 00006504: 02:05:19 [127.0.0.1]:EDatabaseError : FDQuery1: フィールド 'cc' が見つかりません : Addr: $00505A3E
issueanalyzerByGraph.exe: 000066E0: 02:06:07 []:>--------------------------------------------------------------<
issueanalyzerByGraph.exe: 000066E0: 02:06:07 [TUniServerModule]:Server First Init.
issueanalyzerByGraph.exe: 000066E0: 02:06:07 [TUniServerModule]:Start Path = C:\Users\Masato2023\Documents\GitHub\2024DelphiProj\Win32\Debug\
issueanalyzerByGraph.exe: 000066E0: 02:06:07 [TUniServerModule]:Debug Mode = ON
issueanalyzerByGraph.exe: 000066E0: 02:06:07 [TUniGUISessionManager]:Cache erase job created, Folder count: [1]
issueanalyzerByGraph.exe: 000066E0: 02:06:08 [TUniServerModule]:Starting HTTP Server on Port: 8889...
issueanalyzerByGraph.exe: 000066E0: 02:06:10 [TUniServerModule]:HTTP Server Started on Port: 8889
issueanalyzerByGraph.exe: 00004F44: 02:06:11 [127.0.0.1]:EUniSessionException : Invalid session or session Timeout. (Session not found: UaIRv7JmFu10E3960E7 ) : Addr: $01194F7F
issueanalyzerByGraph.exe: 00005CE4: 02:06:28 [127.0.0.1]:EDatabaseError : FDQuery1: フィールド 'cc' が見つかりません : Addr: $00FC5A3E
issueanalyzerByGraph.exe: 00004DA0: 02:09:13 []:>--------------------------------------------------------------<
issueanalyzerByGraph.exe: 00004DA0: 02:09:13 [TUniServerModule]:Server First Init.
issueanalyzerByGraph.exe: 00004DA0: 02:09:13 [TUniServerModule]:Start Path = C:\Users\Masato2023\Documents\GitHub\2024DelphiProj\Win32\Debug\
issueanalyzerByGraph.exe: 00004DA0: 02:09:13 [TUniServerModule]:Debug Mode = ON
issueanalyzerByGraph.exe: 00004DA0: 02:09:13 [TUniGUISessionManager]:Cache erase job created, Folder count: [1]
issueanalyzerByGraph.exe: 00004DA0: 02:09:13 [TUniServerModule]:Starting HTTP Server on Port: 8889...
issueanalyzerByGraph.exe: 00004DA0: 02:09:13 [TUniServerModule]:HTTP Server Started on Port: 8889
issueanalyzerByGraph.exe: 00004334: 02:09:19 [127.0.0.1]:EUniSessionException : Invalid session or session Timeout. (Session not found: AppuLzZmz710E39613B ) : Addr: $01054F7F
issueanalyzerByGraph.exe: 00003EAC: 02:17:59 []:>--------------------------------------------------------------<
issueanalyzerByGraph.exe: 00003EAC: 02:17:59 [TUniServerModule]:Server First Init.
issueanalyzerByGraph.exe: 00003EAC: 02:17:59 [TUniServerModule]:Start Path = C:\Users\Masato2023\Documents\GitHub\2024DelphiProj\Win32\Debug\
issueanalyzerByGraph.exe: 00003EAC: 02:17:59 [TUniServerModule]:Debug Mode = ON
issueanalyzerByGraph.exe: 00003EAC: 02:17:59 [TUniGUISessionManager]:Cache erase job created, Folder count: [1]
issueanalyzerByGraph.exe: 00003EAC: 02:17:59 [TUniServerModule]:Starting HTTP Server on Port: 8889...
issueanalyzerByGraph.exe: 00003EAC: 02:18:00 [TUniServerModule]:HTTP Server Started on Port: 8889
issueanalyzerByGraph.exe: 000069A0: 02:18:08 [127.0.0.1]:EUniSessionException : Invalid session or session Timeout. (Session not found: ybzf8JwSSP10E396215 ) : Addr: $00894F7F
issueanalyzerByGraph.exe: 00006B10: 03:19:58 []:>--------------------------------------------------------------<
issueanalyzerByGraph.exe: 00006B10: 03:19:58 [TUniServerModule]:Server First Init.
issueanalyzerByGraph.exe: 00006B10: 03:19:58 [TUniServerModule]:Start Path = C:\Users\Masato2023\Documents\GitHub\2024DelphiProj\Win32\Debug\
issueanalyzerByGraph.exe: 00006B10: 03:19:58 [TUniServerModule]:Debug Mode = ON
issueanalyzerByGraph.exe: 00006B10: 03:19:58 [TUniGUISessionManager]:Cache erase job created, Folder count: [1]
issueanalyzerByGraph.exe: 00006B10: 03:19:59 [TUniServerModule]:Starting HTTP Server on Port: 8889...
issueanalyzerByGraph.exe: 00006B10: 03:20:00 [TUniServerModule]:HTTP Server Started on Port: 8889
issueanalyzerByGraph.exe: 00001A10: 03:20:06 [127.0.0.1]:EUniSessionException : Invalid session or session Timeout. (Session not found: XyJwfhODpV10E396AEC ) : Addr: $00FC4F7F
