issueanalyzerByGraph.exe: 00003AF0: 23:22:05 []:>--------------------------------------------------------------<
issueanalyzerByGraph.exe: 00003AF0: 23:22:05 [TUniServerModule]:Server First Init.
issueanalyzerByGraph.exe: 00003AF0: 23:22:05 [TUniServerModule]:Start Path = C:\Users\Masato2023\Documents\GitHub\2024DelphiProj\Win32\Debug\
issueanalyzerByGraph.exe: 00003AF0: 23:22:05 [TUniServerModule]:Debug Mode = ON
issueanalyzerByGraph.exe: 00003AF0: 23:22:05 [TUniServerModule]:Starting HTTP Server on Port: 8889...
issueanalyzerByGraph.exe: 00003AF0: 23:22:06 [TUniServerModule]:HTTP Server Started on Port: 8889
issueanalyzerByGraph.exe: 00004944: 23:23:33 []:>--------------------------------------------------------------<
issueanalyzerByGraph.exe: 00004944: 23:23:33 [TUniServerModule]:Server First Init.
issueanalyzerByGraph.exe: 00004944: 23:23:33 [TUniServerModule]:Start Path = C:\Users\Masato2023\Documents\GitHub\2024DelphiProj\Win32\Debug\
issueanalyzerByGraph.exe: 00004944: 23:23:33 [TUniServerModule]:Debug Mode = ON
issueanalyzerByGraph.exe: 00004944: 23:23:33 [TUniServerModule]:Starting HTTP Server on Port: 8889...
issueanalyzerByGraph.exe: 00004944: 23:23:34 [TUniServerModule]:HTTP Server Started on Port: 8889
issueanalyzerByGraph.exe: 00005CCC: 23:27:12 []:>--------------------------------------------------------------<
issueanalyzerByGraph.exe: 00005CCC: 23:27:12 [TUniServerModule]:Server First Init.
issueanalyzerByGraph.exe: 00005CCC: 23:27:12 [TUniServerModule]:Start Path = C:\Users\Masato2023\Documents\GitHub\2024DelphiProj\Win32\Debug\
issueanalyzerByGraph.exe: 00005CCC: 23:27:12 [TUniServerModule]:Debug Mode = ON
issueanalyzerByGraph.exe: 00005CCC: 23:27:12 [TUniGUISessionManager]:Cache erase job created, Folder count: [1]
issueanalyzerByGraph.exe: 00005CCC: 23:27:12 [TUniServerModule]:Starting HTTP Server on Port: 8889...
issueanalyzerByGraph.exe: 00005CCC: 23:27:13 [TUniServerModule]:HTTP Server Started on Port: 8889
issueanalyzerByGraph.exe: 00005700: 23:27:21 [127.0.0.1]:EUniSessionException : Invalid session or session Timeout. (Session not found: PRtuXxQIUE10E319484 ) : Addr: $0045E9FF
issueanalyzerByGraph.exe: 00000430: 23:28:52 []:>--------------------------------------------------------------<
issueanalyzerByGraph.exe: 00000430: 23:28:52 [TUniServerModule]:Server First Init.
issueanalyzerByGraph.exe: 00000430: 23:28:52 [TUniServerModule]:Start Path = C:\Users\Masato2023\Documents\GitHub\2024DelphiProj\Win32\Debug\
issueanalyzerByGraph.exe: 00000430: 23:28:52 [TUniServerModule]:Debug Mode = ON
issueanalyzerByGraph.exe: 00000430: 23:28:52 [TUniGUISessionManager]:Cache erase job created, Folder count: [1]
issueanalyzerByGraph.exe: 00000430: 23:28:52 [TUniServerModule]:Starting HTTP Server on Port: 8889...
issueanalyzerByGraph.exe: 00000430: 23:28:54 [TUniServerModule]:HTTP Server Started on Port: 8889
issueanalyzerByGraph.exe: 0000392C: 23:28:55 [127.0.0.1]:EUniSessionException : Invalid session or session Timeout. (Session not found: krugMMDlwF10E319506 ) : Addr: $0082E9FF
issueanalyzerByGraph.exe: 00003FEC: 23:31:42 []:>--------------------------------------------------------------<
issueanalyzerByGraph.exe: 00003FEC: 23:31:42 [TUniServerModule]:Server First Init.
issueanalyzerByGraph.exe: 00003FEC: 23:31:42 [TUniServerModule]:Start Path = C:\Users\Masato2023\Documents\GitHub\2024DelphiProj\Win32\Debug\
issueanalyzerByGraph.exe: 00003FEC: 23:31:42 [TUniServerModule]:Debug Mode = ON
issueanalyzerByGraph.exe: 00003FEC: 23:31:42 [TUniGUISessionManager]:Cache erase job created, Folder count: [1]
issueanalyzerByGraph.exe: 00003FEC: 23:31:42 [TUniServerModule]:Starting HTTP Server on Port: 8889...
issueanalyzerByGraph.exe: 00003FEC: 23:31:43 [TUniServerModule]:HTTP Server Started on Port: 8889
issueanalyzerByGraph.exe: 000033C0: 23:31:54 [127.0.0.1]:EUniSessionException : Invalid session or session Timeout. (Session not found: jf94vFruzf10E31957C ) : Addr: $00E0E9FF
issueanalyzerByGraph.exe: 00002518: 23:51:06 []:>--------------------------------------------------------------<
issueanalyzerByGraph.exe: 00002518: 23:51:06 [TUniServerModule]:Server First Init.
issueanalyzerByGraph.exe: 00002518: 23:51:06 [TUniServerModule]:Start Path = C:\Users\Masato2023\Documents\GitHub\2024DelphiProj\Win32\Debug\
issueanalyzerByGraph.exe: 00002518: 23:51:06 [TUniServerModule]:Debug Mode = ON
issueanalyzerByGraph.exe: 00002518: 23:51:06 [TUniGUISessionManager]:Cache erase job created, Folder count: [1]
issueanalyzerByGraph.exe: 00002518: 23:51:06 [TUniServerModule]:Starting HTTP Server on Port: 8889...
issueanalyzerByGraph.exe: 00002518: 23:51:07 [TUniServerModule]:HTTP Server Started on Port: 8889
issueanalyzerByGraph.exe: 000050E0: 23:52:07 []:>--------------------------------------------------------------<
issueanalyzerByGraph.exe: 000050E0: 23:52:07 [TUniServerModule]:Server First Init.
issueanalyzerByGraph.exe: 000050E0: 23:52:08 [TUniServerModule]:Start Path = C:\Users\Masato2023\Documents\GitHub\2024DelphiProj\Win32\Debug\
issueanalyzerByGraph.exe: 000050E0: 23:52:08 [TUniServerModule]:Debug Mode = ON
issueanalyzerByGraph.exe: 000050E0: 23:52:08 [TUniGUISessionManager]:Cache erase job created, Folder count: [1]
issueanalyzerByGraph.exe: 000050E0: 23:52:08 [TUniServerModule]:Starting HTTP Server on Port: 8889...
issueanalyzerByGraph.exe: 000050E0: 23:52:09 [TUniServerModule]:HTTP Server Started on Port: 8889
issueanalyzerByGraph.exe: 00005A84: 23:52:16 [127.0.0.1]:EUniSessionException : Invalid session or session Timeout. (Session not found: qJO75zM7MV10E319B85 ) : Addr: $0138E9FF
issueanalyzerByGraph.exe: 00004C34: 23:53:38 []:>--------------------------------------------------------------<
issueanalyzerByGraph.exe: 00004C34: 23:53:38 [TUniServerModule]:Server First Init.
issueanalyzerByGraph.exe: 00004C34: 23:53:38 [TUniServerModule]:Start Path = C:\Users\Masato2023\Documents\GitHub\2024DelphiProj\Win32\Debug\
issueanalyzerByGraph.exe: 00004C34: 23:53:38 [TUniServerModule]:Debug Mode = ON
issueanalyzerByGraph.exe: 00004C34: 23:53:38 [TUniGUISessionManager]:Cache erase job created, Folder count: [1]
issueanalyzerByGraph.exe: 00004C34: 23:53:38 [TUniServerModule]:Starting HTTP Server on Port: 8889...
issueanalyzerByGraph.exe: 00004C34: 23:53:39 [TUniServerModule]:HTTP Server Started on Port: 8889
issueanalyzerByGraph.exe: 000048B0: 23:53:47 [127.0.0.1]:EUniSessionException : Invalid session or session Timeout. (Session not found: j2KZNBgsps10E319BC8 ) : Addr: $005FE9FF
issueanalyzerByGraph.exe: 00003050: 23:56:19 []:>--------------------------------------------------------------<
issueanalyzerByGraph.exe: 00003050: 23:56:19 [TUniServerModule]:Server First Init.
issueanalyzerByGraph.exe: 00003050: 23:56:19 [TUniServerModule]:Start Path = C:\Users\Masato2023\Documents\GitHub\2024DelphiProj\Win32\Debug\
issueanalyzerByGraph.exe: 00003050: 23:56:19 [TUniServerModule]:Debug Mode = ON
issueanalyzerByGraph.exe: 00003050: 23:56:19 [TUniGUISessionManager]:Cache erase job created, Folder count: [1]
issueanalyzerByGraph.exe: 00003050: 23:56:19 [TUniServerModule]:Starting HTTP Server on Port: 8889...
issueanalyzerByGraph.exe: 00003050: 23:56:20 [TUniServerModule]:HTTP Server Started on Port: 8889
issueanalyzerByGraph.exe: 0000449C: 23:56:22 [127.0.0.1]:EUniSessionException : Invalid session or session Timeout. (Session not found: XxycQhSErL10E319C30 ) : Addr: $00C8E9FF
issueanalyzerByGraph.exe: 0000342C: 23:57:20 []:>--------------------------------------------------------------<
issueanalyzerByGraph.exe: 0000342C: 23:57:20 [TUniServerModule]:Server First Init.
issueanalyzerByGraph.exe: 0000342C: 23:57:20 [TUniServerModule]:Start Path = C:\Users\Masato2023\Documents\GitHub\2024DelphiProj\Win32\Debug\
issueanalyzerByGraph.exe: 0000342C: 23:57:20 [TUniServerModule]:Debug Mode = ON
issueanalyzerByGraph.exe: 0000342C: 23:57:20 [TUniGUISessionManager]:Cache erase job created, Folder count: [1]
issueanalyzerByGraph.exe: 0000342C: 23:57:20 [TUniServerModule]:Starting HTTP Server on Port: 8889...
issueanalyzerByGraph.exe: 0000342C: 23:57:21 [TUniServerModule]:HTTP Server Started on Port: 8889
issueanalyzerByGraph.exe: 00004778: 23:57:58 [127.0.0.1]:EUniSessionException : Invalid session or session Timeout. (Session not found: TECd4RZuHa10E319CE7 ) : Addr: $0094E9FF
issueanalyzerByGraph.exe: 00002DD4: 23:58:44 []:>--------------------------------------------------------------<
issueanalyzerByGraph.exe: 00002DD4: 23:58:44 [TUniServerModule]:Server First Init.
issueanalyzerByGraph.exe: 00002DD4: 23:58:44 [TUniServerModule]:Start Path = C:\Users\Masato2023\Documents\GitHub\2024DelphiProj\Win32\Debug\
issueanalyzerByGraph.exe: 00002DD4: 23:58:44 [TUniServerModule]:Debug Mode = ON
issueanalyzerByGraph.exe: 00002DD4: 23:58:44 [TUniGUISessionManager]:Cache erase job created, Folder count: [1]
issueanalyzerByGraph.exe: 00002DD4: 23:58:44 [TUniServerModule]:Starting HTTP Server on Port: 8889...
issueanalyzerByGraph.exe: 00002DD4: 23:58:45 [TUniServerModule]:HTTP Server Started on Port: 8889
issueanalyzerByGraph.exe: 000033A0: 23:58:54 [127.0.0.1]:EUniSessionException : Invalid session or session Timeout. (Session not found: O4QZVYqVIg10E319D53 ) : Addr: $005AE9FF
