issueanalyzerByGraph.exe: 00000C38: 00:01:32 []:>--------------------------------------------------------------<
issueanalyzerByGraph.exe: 00000C38: 00:01:32 [TUniServerModule]:Server First Init.
issueanalyzerByGraph.exe: 00000C38: 00:01:32 [TUniServerModule]:Start Path = C:\Users\Masato2023\Documents\GitHub\2024DelphiProj\Win32\Debug\
issueanalyzerByGraph.exe: 00000C38: 00:01:32 [TUniServerModule]:Debug Mode = ON
issueanalyzerByGraph.exe: 00000C38: 00:01:32 [TUniGUISessionManager]:Cache erase job created, Folder count: [1]
issueanalyzerByGraph.exe: 00000C38: 00:01:33 [TUniServerModule]:Starting HTTP Server on Port: 8889...
issueanalyzerByGraph.exe: 00000C38: 00:01:33 [TUniServerModule]:HTTP Server Started on Port: 8889
issueanalyzerByGraph.exe: 00000968: 00:25:09 []:>--------------------------------------------------------------<
issueanalyzerByGraph.exe: 00000968: 00:25:09 [TUniServerModule]:Server First Init.
issueanalyzerByGraph.exe: 00000968: 00:25:09 [TUniServerModule]:Start Path = C:\Users\Masato2023\Documents\GitHub\2024DelphiProj\Win32\Debug\
issueanalyzerByGraph.exe: 00000968: 00:25:09 [TUniServerModule]:Debug Mode = ON
issueanalyzerByGraph.exe: 00000968: 00:25:10 [TUniServerModule]:Starting HTTP Server on Port: 8889...
issueanalyzerByGraph.exe: 00000968: 00:25:10 [TUniServerModule]:HTTP Server Started on Port: 8889
issueanalyzerByGraph.exe: 000041B0: 00:25:15 [127.0.0.1]:EUniSessionException : Invalid session or session Timeout. (Session not found: ZIE8SDdoGS10E319D94 ) : Addr: $00E3E9FF
issueanalyzerByGraph.exe: 00005B5C: 00:27:00 [127.0.0.1]:EDatabaseError : FDQuery1: フィールド 'cc' が見つかりません : Addr: $00C6F4BE
issueanalyzerByGraph.exe: 000043DC: 00:30:35 []:>--------------------------------------------------------------<
issueanalyzerByGraph.exe: 000043DC: 00:30:35 [TUniServerModule]:Server First Init.
issueanalyzerByGraph.exe: 000043DC: 00:30:35 [TUniServerModule]:Start Path = C:\Users\Masato2023\Documents\GitHub\2024DelphiProj\Win32\Debug\
issueanalyzerByGraph.exe: 000043DC: 00:30:35 [TUniServerModule]:Debug Mode = ON
issueanalyzerByGraph.exe: 000043DC: 00:30:35 [TUniGUISessionManager]:Cache erase job created, Folder count: [1]
issueanalyzerByGraph.exe: 000043DC: 00:30:35 [TUniServerModule]:Starting HTTP Server on Port: 8889...
issueanalyzerByGraph.exe: 000043DC: 00:30:36 [TUniServerModule]:HTTP Server Started on Port: 8889
issueanalyzerByGraph.exe: 00001A98: 00:30:47 [127.0.0.1]:EUniSessionException : Invalid session or session Timeout. (Session not found: MFZPMaKPB310E31A4BA ) : Addr: $0134E9FF
issueanalyzerByGraph.exe: 000037BC: 00:31:37 []:>--------------------------------------------------------------<
issueanalyzerByGraph.exe: 000037BC: 00:31:37 [TUniServerModule]:Server First Init.
issueanalyzerByGraph.exe: 000037BC: 00:31:37 [TUniServerModule]:Start Path = C:\Users\Masato2023\Documents\GitHub\2024DelphiProj\Win32\Debug\
issueanalyzerByGraph.exe: 000037BC: 00:31:37 [TUniServerModule]:Debug Mode = ON
issueanalyzerByGraph.exe: 000037BC: 00:31:37 [TUniGUISessionManager]:Cache erase job created, Folder count: [1]
issueanalyzerByGraph.exe: 000037BC: 00:31:37 [TUniServerModule]:Starting HTTP Server on Port: 8889...
issueanalyzerByGraph.exe: 000037BC: 00:31:37 [TUniServerModule]:HTTP Server Started on Port: 8889
issueanalyzerByGraph.exe: 00002254: 00:31:39 [127.0.0.1]:EUniSessionException : Invalid session or session Timeout. (Session not found: hDwqIhrDfe10E31A63A ) : Addr: $0134E9FF
issueanalyzerByGraph.exe: 000033D8: 00:33:42 []:>--------------------------------------------------------------<
issueanalyzerByGraph.exe: 000033D8: 00:33:42 [TUniServerModule]:Server First Init.
issueanalyzerByGraph.exe: 000033D8: 00:33:42 [TUniServerModule]:Start Path = C:\Users\Masato2023\Documents\GitHub\2024DelphiProj\Win32\Debug\
issueanalyzerByGraph.exe: 000033D8: 00:33:42 [TUniServerModule]:Debug Mode = ON
issueanalyzerByGraph.exe: 000033D8: 00:33:42 [TUniGUISessionManager]:Cache erase job created, Folder count: [1]
issueanalyzerByGraph.exe: 000033D8: 00:33:42 [TUniServerModule]:Starting HTTP Server on Port: 8889...
issueanalyzerByGraph.exe: 000033D8: 00:33:43 [TUniServerModule]:HTTP Server Started on Port: 8889
issueanalyzerByGraph.exe: 00004A60: 00:33:43 [127.0.0.1]:EUniSessionException : Invalid session or session Timeout. (Session not found: biZh8IZCeE10E31A683 ) : Addr: $00E6E9FF
issueanalyzerByGraph.exe: 00001188: 00:35:02 [127.0.0.1]:EDatabaseError : FDQuery1: フィールド 'cc' が見つかりません : Addr: $00C9F4BE
issueanalyzerByGraph.exe: 00005270: 00:41:01 []:>--------------------------------------------------------------<
issueanalyzerByGraph.exe: 00005270: 00:41:01 [TUniServerModule]:Server First Init.
issueanalyzerByGraph.exe: 00005270: 00:41:01 [TUniServerModule]:Start Path = C:\Users\Masato2023\Documents\GitHub\2024DelphiProj\Win32\Debug\
issueanalyzerByGraph.exe: 00005270: 00:41:01 [TUniServerModule]:Debug Mode = ON
issueanalyzerByGraph.exe: 00005270: 00:41:01 [TUniGUISessionManager]:Cache erase job created, Folder count: [1]
issueanalyzerByGraph.exe: 00005270: 00:41:01 [TUniServerModule]:Starting HTTP Server on Port: 8889...
issueanalyzerByGraph.exe: 00005270: 00:41:01 [TUniServerModule]:HTTP Server Started on Port: 8889
issueanalyzerByGraph.exe: 00005600: 00:41:07 [127.0.0.1]:EUniSessionException : Invalid session or session Timeout. (Session not found: ybLpUqQvci10E31A70D ) : Addr: $00E6E9FF
issueanalyzerByGraph.exe: 00001A98: 00:42:36 []:>--------------------------------------------------------------<
issueanalyzerByGraph.exe: 00001A98: 00:42:36 [TUniServerModule]:Server First Init.
issueanalyzerByGraph.exe: 00001A98: 00:42:36 [TUniServerModule]:Start Path = C:\Users\Masato2023\Documents\GitHub\2024DelphiProj\Win32\Debug\
issueanalyzerByGraph.exe: 00001A98: 00:42:36 [TUniServerModule]:Debug Mode = ON
issueanalyzerByGraph.exe: 00001A98: 00:42:36 [TUniGUISessionManager]:Cache erase job created, Folder count: [1]
issueanalyzerByGraph.exe: 00001A98: 00:42:36 [TUniServerModule]:Starting HTTP Server on Port: 8889...
issueanalyzerByGraph.exe: 00001A98: 00:42:37 [TUniServerModule]:HTTP Server Started on Port: 8889
issueanalyzerByGraph.exe: 0000165C: 00:42:37 [127.0.0.1]:EUniSessionException : Invalid session or session Timeout. (Session not found: jKCn2FfJSB10E31A908 ) : Addr: $010FE9FF
issueanalyzerByGraph.exe: 00005328: 00:43:57 []:>--------------------------------------------------------------<
issueanalyzerByGraph.exe: 00005328: 00:43:57 [TUniServerModule]:Server First Init.
issueanalyzerByGraph.exe: 00005328: 00:43:57 [TUniServerModule]:Start Path = C:\Users\Masato2023\Documents\GitHub\2024DelphiProj\Win32\Debug\
issueanalyzerByGraph.exe: 00005328: 00:43:57 [TUniServerModule]:Debug Mode = ON
issueanalyzerByGraph.exe: 00005328: 00:43:57 [TUniGUISessionManager]:Cache erase job created, Folder count: [1]
issueanalyzerByGraph.exe: 00005328: 00:43:57 [TUniServerModule]:Starting HTTP Server on Port: 8889...
issueanalyzerByGraph.exe: 00005328: 00:43:58 [TUniServerModule]:HTTP Server Started on Port: 8889
issueanalyzerByGraph.exe: 0000316C: 00:44:05 [127.0.0.1]:EUniSessionException : Invalid session or session Timeout. (Session not found: ELGYexli6a10E31A973 ) : Addr: $00C1E9FF
issueanalyzerByGraph.exe: 0000168C: 00:46:05 []:>--------------------------------------------------------------<
issueanalyzerByGraph.exe: 0000168C: 00:46:05 [TUniServerModule]:Server First Init.
issueanalyzerByGraph.exe: 0000168C: 00:46:05 [TUniServerModule]:Start Path = C:\Users\Masato2023\Documents\GitHub\2024DelphiProj\Win32\Debug\
issueanalyzerByGraph.exe: 0000168C: 00:46:05 [TUniServerModule]:Debug Mode = ON
issueanalyzerByGraph.exe: 0000168C: 00:46:05 [TUniGUISessionManager]:Cache erase job created, Folder count: [1]
issueanalyzerByGraph.exe: 0000168C: 00:46:05 [TUniServerModule]:Starting HTTP Server on Port: 8889...
issueanalyzerByGraph.exe: 0000168C: 00:46:06 [TUniServerModule]:HTTP Server Started on Port: 8889
issueanalyzerByGraph.exe: 00000C20: 00:46:16 [127.0.0.1]:EUniSessionException : Invalid session or session Timeout. (Session not found: fXPObv3g8q10E31A9D6 ) : Addr: $009AE9FF
issueanalyzerByGraph.exe: 00003DC4: 00:47:39 []:>--------------------------------------------------------------<
issueanalyzerByGraph.exe: 00003DC4: 00:47:39 [TUniServerModule]:Server First Init.
issueanalyzerByGraph.exe: 00003DC4: 00:47:39 [TUniServerModule]:Start Path = C:\Users\Masato2023\Documents\GitHub\2024DelphiProj\Win32\Debug\
issueanalyzerByGraph.exe: 00003DC4: 00:47:39 [TUniServerModule]:Debug Mode = ON
issueanalyzerByGraph.exe: 00003DC4: 00:47:39 [TUniGUISessionManager]:Cache erase job created, Folder count: [1]
issueanalyzerByGraph.exe: 00003DC4: 00:47:39 [TUniServerModule]:Starting HTTP Server on Port: 8889...
issueanalyzerByGraph.exe: 00003DC4: 00:47:40 [TUniServerModule]:HTTP Server Started on Port: 8889
issueanalyzerByGraph.exe: 0000446C: 00:47:40 [127.0.0.1]:EUniSessionException : Invalid session or session Timeout. (Session not found: jthVeJnJuU10E31AA6D ) : Addr: $00DCE9FF
issueanalyzerByGraph.exe: 0000304C: 00:48:13 [127.0.0.1]:EConvertError : '' は整数ではありません : Addr: $009E9F51
issueanalyzerByGraph.exe: 00003F38: 00:53:12 []:>--------------------------------------------------------------<
issueanalyzerByGraph.exe: 00003F38: 00:53:12 [TUniServerModule]:Server First Init.
issueanalyzerByGraph.exe: 00003F38: 00:53:12 [TUniServerModule]:Start Path = C:\Users\Masato2023\Documents\GitHub\2024DelphiProj\Win32\Debug\
issueanalyzerByGraph.exe: 00003F38: 00:53:12 [TUniServerModule]:Debug Mode = ON
issueanalyzerByGraph.exe: 00003F38: 00:53:12 [TUniGUISessionManager]:Cache erase job created, Folder count: [1]
issueanalyzerByGraph.exe: 00003F38: 00:53:12 [TUniServerModule]:Starting HTTP Server on Port: 8889...
issueanalyzerByGraph.exe: 00003F38: 00:53:13 [TUniServerModule]:HTTP Server Started on Port: 8889
issueanalyzerByGraph.exe: 00004EC4: 00:53:17 [127.0.0.1]:EUniSessionException : Invalid session or session Timeout. (Session not found: RvDFnE1gdD10E31AAD2 ) : Addr: $0065E9FF
issueanalyzerByGraph.exe: 0000494C: 00:54:45 []:>--------------------------------------------------------------<
issueanalyzerByGraph.exe: 0000494C: 00:54:45 [TUniServerModule]:Server First Init.
issueanalyzerByGraph.exe: 0000494C: 00:54:45 [TUniServerModule]:Start Path = C:\Users\Masato2023\Documents\GitHub\2024DelphiProj\Win32\Debug\
issueanalyzerByGraph.exe: 0000494C: 00:54:45 [TUniServerModule]:Debug Mode = ON
issueanalyzerByGraph.exe: 0000494C: 00:54:45 [TUniGUISessionManager]:Cache erase job created, Folder count: [1]
issueanalyzerByGraph.exe: 0000494C: 00:54:45 [TUniServerModule]:Starting HTTP Server on Port: 8889...
issueanalyzerByGraph.exe: 0000494C: 00:54:46 [TUniServerModule]:HTTP Server Started on Port: 8889
issueanalyzerByGraph.exe: 000030B8: 00:54:50 [127.0.0.1]:EUniSessionException : Invalid session or session Timeout. (Session not found: 7b8TZmdEGE10E31AC55 ) : Addr: $013FE9FF
issueanalyzerByGraph.exe: 00001CEC: 01:02:48 []:>--------------------------------------------------------------<
issueanalyzerByGraph.exe: 00001CEC: 01:02:48 [TUniServerModule]:Server First Init.
issueanalyzerByGraph.exe: 00001CEC: 01:02:48 [TUniServerModule]:Start Path = C:\Users\Masato2023\Documents\GitHub\2024DelphiProj\Win32\Debug\
issueanalyzerByGraph.exe: 00001CEC: 01:02:48 [TUniServerModule]:Debug Mode = ON
issueanalyzerByGraph.exe: 00001CEC: 01:02:48 [TUniGUISessionManager]:Cache erase job created, Folder count: [1]
issueanalyzerByGraph.exe: 00001CEC: 01:02:48 [TUniServerModule]:Starting HTTP Server on Port: 8889...
issueanalyzerByGraph.exe: 00001CEC: 01:02:49 [TUniServerModule]:HTTP Server Started on Port: 8889
issueanalyzerByGraph.exe: 00001CA0: 01:03:25 [127.0.0.1]:EUniSessionException : Invalid session or session Timeout. (Session not found: ChSqOum3i210E31ACC1 ) : Addr: $007FE9FF
issueanalyzerByGraph.exe: 000040BC: 01:04:41 []:>--------------------------------------------------------------<
issueanalyzerByGraph.exe: 000040BC: 01:04:41 [TUniServerModule]:Server First Init.
issueanalyzerByGraph.exe: 000040BC: 01:04:41 [TUniServerModule]:Start Path = C:\Users\Masato2023\Documents\GitHub\2024DelphiProj\Win32\Debug\
issueanalyzerByGraph.exe: 000040BC: 01:04:41 [TUniServerModule]:Debug Mode = ON
issueanalyzerByGraph.exe: 000040BC: 01:04:41 [TUniGUISessionManager]:Cache erase job created, Folder count: [1]
issueanalyzerByGraph.exe: 000040BC: 01:04:41 [TUniServerModule]:Starting HTTP Server on Port: 8889...
issueanalyzerByGraph.exe: 000040BC: 01:04:42 [TUniServerModule]:HTTP Server Started on Port: 8889
issueanalyzerByGraph.exe: 00001DF4: 01:04:57 [127.0.0.1]:EUniSessionException : Invalid session or session Timeout. (Session not found: w1bWO7jq6J10E31AF14 ) : Addr: $00AFE9FF
issueanalyzerByGraph.exe: 00002B94: 01:06:53 []:>--------------------------------------------------------------<
issueanalyzerByGraph.exe: 00002B94: 01:06:53 [TUniServerModule]:Server First Init.
issueanalyzerByGraph.exe: 00002B94: 01:06:53 [TUniServerModule]:Start Path = C:\Users\Masato2023\Documents\GitHub\2024DelphiProj\Win32\Debug\
issueanalyzerByGraph.exe: 00002B94: 01:06:53 [TUniServerModule]:Debug Mode = ON
issueanalyzerByGraph.exe: 00002B94: 01:06:53 [TUniGUISessionManager]:Cache erase job created, Folder count: [1]
issueanalyzerByGraph.exe: 00002B94: 01:06:53 [TUniServerModule]:Starting HTTP Server on Port: 8889...
issueanalyzerByGraph.exe: 00002B94: 01:06:54 [TUniServerModule]:HTTP Server Started on Port: 8889
issueanalyzerByGraph.exe: 000003C8: 01:06:55 [127.0.0.1]:EUniSessionException : Invalid session or session Timeout. (Session not found: mrth5eOAKc10E31AF7F ) : Addr: $0113E9FF
issueanalyzerByGraph.exe: 00004C64: 01:07:50 []:>--------------------------------------------------------------<
issueanalyzerByGraph.exe: 00004C64: 01:07:50 [TUniServerModule]:Server First Init.
issueanalyzerByGraph.exe: 00004C64: 01:07:50 [TUniServerModule]:Start Path = C:\Users\Masato2023\Documents\GitHub\2024DelphiProj\Win32\Debug\
issueanalyzerByGraph.exe: 00004C64: 01:07:50 [TUniServerModule]:Debug Mode = ON
issueanalyzerByGraph.exe: 00004C64: 01:07:50 [TUniGUISessionManager]:Cache erase job created, Folder count: [1]
issueanalyzerByGraph.exe: 00004C64: 01:07:50 [TUniServerModule]:Starting HTTP Server on Port: 8889...
issueanalyzerByGraph.exe: 00004C64: 01:07:50 [TUniServerModule]:HTTP Server Started on Port: 8889
issueanalyzerByGraph.exe: 00002A0C: 01:07:50 [127.0.0.1]:EUniSessionException : Invalid session or session Timeout. (Session not found: dvXVWCoIDD10E31B00C ) : Addr: $0113E9FF
issueanalyzerByGraph.exe: 00005384: 01:08:40 []:>--------------------------------------------------------------<
issueanalyzerByGraph.exe: 00005384: 01:08:40 [TUniServerModule]:Server First Init.
issueanalyzerByGraph.exe: 00005384: 01:08:40 [TUniServerModule]:Start Path = C:\Users\Masato2023\Documents\GitHub\2024DelphiProj\Win32\Debug\
issueanalyzerByGraph.exe: 00005384: 01:08:40 [TUniServerModule]:Debug Mode = ON
issueanalyzerByGraph.exe: 00005384: 01:08:40 [TUniGUISessionManager]:Cache erase job created, Folder count: [1]
issueanalyzerByGraph.exe: 00005384: 01:08:40 [TUniServerModule]:Starting HTTP Server on Port: 8889...
issueanalyzerByGraph.exe: 00005384: 01:08:40 [TUniServerModule]:HTTP Server Started on Port: 8889
issueanalyzerByGraph.exe: 000031D4: 01:08:42 [127.0.0.1]:EUniSessionException : Invalid session or session Timeout. (Session not found: Q5zvXP8XY810E31B04D ) : Addr: $0113E9FF
issueanalyzerByGraph.exe: 00004DBC: 01:11:42 []:>--------------------------------------------------------------<
issueanalyzerByGraph.exe: 00004DBC: 01:11:42 [TUniServerModule]:Server First Init.
issueanalyzerByGraph.exe: 00004DBC: 01:11:42 [TUniServerModule]:Start Path = C:\Users\Masato2023\Documents\GitHub\2024DelphiProj\Win32\Debug\
issueanalyzerByGraph.exe: 00004DBC: 01:11:42 [TUniServerModule]:Debug Mode = ON
issueanalyzerByGraph.exe: 00004DBC: 01:11:42 [TUniGUISessionManager]:Cache erase job created, Folder count: [1]
issueanalyzerByGraph.exe: 00004DBC: 01:11:43 [TUniServerModule]:Starting HTTP Server on Port: 8889...
issueanalyzerByGraph.exe: 00004DBC: 01:11:44 [TUniServerModule]:HTTP Server Started on Port: 8889
issueanalyzerByGraph.exe: 000023F0: 01:11:46 [127.0.0.1]:EUniSessionException : Invalid session or session Timeout. (Session not found: nIN5K4ugug10E31B089 ) : Addr: $0139E9FF
issueanalyzerByGraph.exe: 000051E4: 01:14:24 []:>--------------------------------------------------------------<
issueanalyzerByGraph.exe: 000051E4: 01:14:24 [TUniServerModule]:Server First Init.
issueanalyzerByGraph.exe: 000051E4: 01:14:24 [TUniServerModule]:Start Path = C:\Users\Masato2023\Documents\GitHub\2024DelphiProj\Win32\Debug\
issueanalyzerByGraph.exe: 000051E4: 01:14:24 [TUniServerModule]:Debug Mode = ON
issueanalyzerByGraph.exe: 000051E4: 01:14:24 [TUniGUISessionManager]:Cache erase job created, Folder count: [1]
issueanalyzerByGraph.exe: 000051E4: 01:14:24 [TUniServerModule]:Starting HTTP Server on Port: 8889...
issueanalyzerByGraph.exe: 000051E4: 01:14:25 [TUniServerModule]:HTTP Server Started on Port: 8889
issueanalyzerByGraph.exe: 000041C0: 01:14:25 [127.0.0.1]:EUniSessionException : Invalid session or session Timeout. (Session not found: FUvDPsT4at10E31B15B ) : Addr: $0109E9FF
issueanalyzerByGraph.exe: 00000DD8: 01:29:55 []:>--------------------------------------------------------------<
issueanalyzerByGraph.exe: 00000DD8: 01:29:55 [TUniServerModule]:Server First Init.
issueanalyzerByGraph.exe: 00000DD8: 01:29:55 [TUniServerModule]:Start Path = C:\Users\Masato2023\Documents\GitHub\2024DelphiProj\Win32\Debug\
issueanalyzerByGraph.exe: 00000DD8: 01:29:55 [TUniServerModule]:Debug Mode = ON
issueanalyzerByGraph.exe: 00000DD8: 01:29:55 [TUniServerModule]:Starting HTTP Server on Port: 8889...
issueanalyzerByGraph.exe: 00000DD8: 01:29:56 [TUniServerModule]:HTTP Server Started on Port: 8889
issueanalyzerByGraph.exe: 000051F4: 01:30:03 [127.0.0.1]:EUniSessionException : Invalid session or session Timeout. (Session not found: AnfH9l5Qev10E31B21B ) : Addr: $0055E9FF
issueanalyzerByGraph.exe: 00001A38: 01:30:13 [127.0.0.1]:EParserError : 1 行目: OBJECT が必要です : Addr: $0021E794
issueanalyzerByGraph.exe: 000046EC: 01:30:13 [127.0.0.1]:EParserError : 1 行目: OBJECT が必要です : Addr: $0021E794
issueanalyzerByGraph.exe: 00005440: 01:30:13 [HandleFileRequest[127.0.0.1]]:File not found: C:\Users\Masato2023\Documents\GitHub\2024DelphiProj\Win32\Debug\favicon.ico
issueanalyzerByGraph.exe: 00004774: 01:30:30 []:>--------------------------------------------------------------<
issueanalyzerByGraph.exe: 00004774: 01:30:30 [TUniServerModule]:Server First Init.
issueanalyzerByGraph.exe: 00004774: 01:30:30 [TUniServerModule]:Start Path = C:\Users\Masato2023\Documents\GitHub\2024DelphiProj\Win32\Debug\
issueanalyzerByGraph.exe: 00004774: 01:30:30 [TUniServerModule]:Debug Mode = ON
issueanalyzerByGraph.exe: 00004774: 01:30:30 [TUniGUISessionManager]:Cache erase job created, Folder count: [2]
issueanalyzerByGraph.exe: 00004774: 01:30:30 [TUniServerModule]:Starting HTTP Server on Port: 8889...
issueanalyzerByGraph.exe: 00004774: 01:30:31 [TUniServerModule]:HTTP Server Started on Port: 8889
issueanalyzerByGraph.exe: 00003B70: 01:31:06 []:>--------------------------------------------------------------<
issueanalyzerByGraph.exe: 00003B70: 01:31:06 [TUniServerModule]:Server First Init.
issueanalyzerByGraph.exe: 00003B70: 01:31:06 [TUniServerModule]:Start Path = C:\Users\Masato2023\Documents\GitHub\2024DelphiProj\Win32\Debug\
issueanalyzerByGraph.exe: 00003B70: 01:31:06 [TUniServerModule]:Debug Mode = ON
issueanalyzerByGraph.exe: 00003B70: 01:31:06 [TUniGUISessionManager]:Cache erase job created, Folder count: [1]
issueanalyzerByGraph.exe: 00003B70: 01:31:06 [TUniServerModule]:Starting HTTP Server on Port: 8889...
issueanalyzerByGraph.exe: 00003B70: 01:31:07 [TUniServerModule]:HTTP Server Started on Port: 8889
issueanalyzerByGraph.exe: 00003CD8: 01:31:10 [127.0.0.1]:EUniSessionException : Invalid session or session Timeout. (Session not found: mFgnsoz2dH10E31B670 ) : Addr: $011CE9FF
issueanalyzerByGraph.exe: 000037DC: 01:49:40 []:>--------------------------------------------------------------<
issueanalyzerByGraph.exe: 000037DC: 01:49:40 [TUniServerModule]:Server First Init.
issueanalyzerByGraph.exe: 000037DC: 01:49:40 [TUniServerModule]:Start Path = C:\Users\Masato2023\Documents\GitHub\2024DelphiProj\Win32\Debug\
issueanalyzerByGraph.exe: 000037DC: 01:49:40 [TUniServerModule]:Debug Mode = ON
issueanalyzerByGraph.exe: 000037DC: 01:49:40 [TUniGUISessionManager]:Cache erase job created, Folder count: [1]
issueanalyzerByGraph.exe: 000037DC: 01:49:41 [TUniServerModule]:Starting HTTP Server on Port: 8889...
issueanalyzerByGraph.exe: 000037DC: 01:49:42 [TUniServerModule]:HTTP Server Started on Port: 8889
issueanalyzerByGraph.exe: 000013B4: 01:52:20 []:>--------------------------------------------------------------<
issueanalyzerByGraph.exe: 000013B4: 01:52:20 [TUniServerModule]:Server First Init.
issueanalyzerByGraph.exe: 000013B4: 01:52:20 [TUniServerModule]:Start Path = C:\Users\Masato2023\Documents\GitHub\2024DelphiProj\Win32\Debug\
issueanalyzerByGraph.exe: 000013B4: 01:52:20 [TUniServerModule]:Debug Mode = ON
issueanalyzerByGraph.exe: 000013B4: 01:52:20 [TUniGUISessionManager]:Cache erase job created, Folder count: [1]
issueanalyzerByGraph.exe: 000013B4: 01:52:20 [TUniServerModule]:Starting HTTP Server on Port: 8889...
issueanalyzerByGraph.exe: 000013B4: 01:52:21 [TUniServerModule]:HTTP Server Started on Port: 8889
issueanalyzerByGraph.exe: 00005210: 01:52:27 [127.0.0.1]:EUniSessionException : Invalid session or session Timeout. (Session not found: KwTbaL7CLm10E31BBAB ) : Addr: $0051E9FF
